<?xml version="1.0" encoding="UTF-8"?>
<!-- Generated by org.testng.reporters.JUnitReportReporter -->
<testsuite skipped="0" hostname="DESKTOP-15F7O0H" name="mavenProject.Google" tests="1" failures="0" timestamp="07 Mar 2019 09:51:38 GMT" time="0.063" errors="0">
  <testcase name="f" time="0.063" classname="mavenProject.Google"/>
</testsuite> <!-- mavenProject.Google -->
