<?xml version="1.0" encoding="UTF-8"?>
<!-- Generated by org.testng.reporters.JUnitReportReporter -->
<testsuite skipped="0" hostname="DESKTOP-15F7O0H" name="mavenProject.GoogleTest" tests="1" failures="0" timestamp="07 Mar 2019 10:14:33 GMT" time="0.012" errors="0">
  <testcase name="f" time="0.012" classname="mavenProject.GoogleTest"/>
</testsuite> <!-- mavenProject.GoogleTest -->
